Time resolution is 1 ps
=================================================================
🧪 เริ่มทดสอบ ALU
=================================================================
Time | Control | Operation |    A    |    B    |  Result | Zero
-----------------------------------------------------------------
                1000 |   00    |    AND    |       0 |       0 |       0 |  1

--- Test 1: AND ---
               11000 |   00    |    AND    |      10 |       5 |       0 |  1
คำอธิบาย: 1010 & 0101 = 0000 (ทศนิยม = 0)

--- Test 2: OR ---
               21000 |   01    |    OR     |      10 |       5 |      15 |  0
คำอธิบาย: 1010 | 0101 = 1111 (ทศนิยม = 15)

--- Test 3: ADD ---
               31000 |   10    |    ADD    |      10 |       5 |      15 |  0
คำอธิบาย: 10 + 5 = 15 ✅

--- Test 4: SUB ---
               41000 |   11    |    SUB    |      10 |       5 |       5 |  0
คำอธิบาย: 10 - 5 = 5 ✅

--- Test 5: SUB → Zero Flag ---
               51000 |   11    |    SUB    |       8 |       8 |       0 |  1
คำอธิบาย: 8 - 8 = 0 → Zero = 1 ✅

--- Test 6: SUB → Negative Result ---
               61000 |   11    |    SUB    |       5 |      10 | 4294967291 |  0
คำอธิบาย: 5 - 10 = -5
ในระบบ 2's complement: Result =          -5

--- Test 7: ADD → Large Numbers ---
               71000 |   10    |    ADD    | 1000000 | 2000000 | 3000000 |  0
คำอธิบาย: 1,000,000 + 2,000,000 = 3,000,000 ✅

=================================================================
🎉 ทดสอบเสร็จสมบูรณ์!
=================================================================

📊 สรุป:
   ✅ AND  - ทดสอบแล้ว
   ✅ OR   - ทดสอบแล้ว
   ✅ ADD  - ทดสอบแล้ว
   ✅ SUB  - ทดสอบแล้ว
   ✅ Zero Flag - ทดสอบแล้ว
   ✅ Negative - ทดสอบแล้ว


$finish called at time : 90 ns : File "E:/VivadoLab/lab-tempolary/Exercise/5.11/alu_simple_tb.sv" Line 152
